Flow report for DE2_Board_top_level
Mon Nov 21 13:07:14 2011
Quartus II Version 11.0 Build 157 04/27/2011 SJ Full Version


---------------------
; Table of Contents ;
---------------------
  1. Legal Notice
  2. Flow Summary
  3. Flow Settings
  4. Flow Non-Default Global Settings
  5. Flow Elapsed Time
  6. Flow OS Summary
  7. Flow Log



----------------
; Legal Notice ;
----------------
Copyright (C) 1991-2011 Altera Corporation
Your use of Altera Corporation's design tools, logic functions 
and other software and tools, and its AMPP partner logic 
functions, and any output files from any of the foregoing 
(including device programming or simulation files), and any 
associated documentation or information are expressly subject 
to the terms and conditions of the Altera Program License 
Subscription Agreement, Altera MegaCore Function License 
Agreement, or other applicable license agreement, including, 
without limitation, that your use is for the sole purpose of 
programming logic devices manufactured by Altera and sold by 
Altera or its authorized distributors.  Please refer to the 
applicable agreement for further details.



+--------------------------------------------------------------------------------+
; Flow Summary                                                                   ;
+------------------------------------+-------------------------------------------+
; Flow Status                        ; Successful - Mon Nov 21 13:07:12 2011     ;
; Quartus II Version                 ; 11.0 Build 157 04/27/2011 SJ Full Version ;
; Revision Name                      ; DE2_Board_top_level                       ;
; Top-level Entity Name              ; DE2_Board_top_level                       ;
; Family                             ; Cyclone II                                ;
; Device                             ; EP2C35F672C6                              ;
; Timing Models                      ; Final                                     ;
; Total logic elements               ; 4,227 / 33,216 ( 13 % )                   ;
;     Total combinational functions  ; 3,679 / 33,216 ( 11 % )                   ;
;     Dedicated logic registers      ; 2,645 / 33,216 ( 8 % )                    ;
; Total registers                    ; 2713                                      ;
; Total pins                         ; 422 / 475 ( 89 % )                        ;
; Total virtual pins                 ; 0                                         ;
; Total memory bits                  ; 46,720 / 483,840 ( 10 % )                 ;
; Embedded Multiplier 9-bit elements ; 8 / 70 ( 11 % )                           ;
; Total PLLs                         ; 1 / 4 ( 25 % )                            ;
+------------------------------------+-------------------------------------------+


+-----------------------------------------+
; Flow Settings                           ;
+-------------------+---------------------+
; Option            ; Setting             ;
+-------------------+---------------------+
; Start date & time ; 11/21/2011 13:05:44 ;
; Main task         ; Compilation         ;
; Revision Name     ; DE2_Board_top_level ;
+-------------------+---------------------+


+------------------------------------------------------------------------------------------------------------------------+
; Flow Non-Default Global Settings                                                                                       ;
+-------------------------------------+---------------------------------------+---------------+-------------+------------+
; Assignment Name                     ; Value                                 ; Default Value ; Entity Name ; Section Id ;
+-------------------------------------+---------------------------------------+---------------+-------------+------------+
; COMPILER_SIGNATURE_ID               ; 203050747510915.132190594301540       ; --            ; --          ; --         ;
; FITTER_EFFORT                       ; Standard Fit                          ; Auto Fit      ; --          ; --         ;
; IP_TOOL_NAME                        ; ALTPLL                                ; --            ; --          ; --         ;
; IP_TOOL_VERSION                     ; 11.0                                  ; --            ; --          ; --         ;
; MAX_CORE_JUNCTION_TEMP              ; 85                                    ; --            ; --          ; --         ;
; MIN_CORE_JUNCTION_TEMP              ; 0                                     ; --            ; --          ; --         ;
; MISC_FILE                           ; clockPLL.bsf                          ; --            ; --          ; --         ;
; MISC_FILE                           ; clockPLL_inst.vhd                     ; --            ; --          ; --         ;
; MISC_FILE                           ; clockPLL.inc                          ; --            ; --          ; --         ;
; MISC_FILE                           ; clockPLL.cmp                          ; --            ; --          ; --         ;
; MISC_FILE                           ; clockPLL.ppf                          ; --            ; --          ; --         ;
; PARTITION_COLOR                     ; 16764057                              ; --            ; --          ; Top        ;
; PARTITION_FITTER_PRESERVATION_LEVEL ; PLACEMENT_AND_ROUTING                 ; --            ; --          ; Top        ;
; PARTITION_NETLIST_TYPE              ; SOURCE                                ; --            ; --          ; Top        ;
; POWER_BOARD_THERMAL_MODEL           ; None (CONSERVATIVE)                   ; --            ; --          ; --         ;
; POWER_PRESET_COOLING_SOLUTION       ; 23 MM HEAT SINK WITH 200 LFPM AIRFLOW ; --            ; --          ; --         ;
; SOPC_BUILDER_SIGNATURE_ID           ; Ipds                                  ; --            ; --          ; --         ;
; TIMEQUEST_DO_REPORT_TIMING          ; On                                    ; Off           ; --          ; --         ;
+-------------------------------------+---------------------------------------+---------------+-------------+------------+


+-------------------------------------------------------------------------------------------------------------------------------+
; Flow Elapsed Time                                                                                                             ;
+---------------------------+--------------+-------------------------+---------------------+------------------------------------+
; Module Name               ; Elapsed Time ; Average Processors Used ; Peak Virtual Memory ; Total CPU Time (on all processors) ;
+---------------------------+--------------+-------------------------+---------------------+------------------------------------+
; Analysis & Synthesis      ; 00:00:36     ; 1.0                     ; 333 MB              ; 00:00:28                           ;
; Fitter                    ; 00:00:38     ; 2.5                     ; 410 MB              ; 00:00:50                           ;
; Assembler                 ; 00:00:04     ; 1.0                     ; 281 MB              ; 00:00:03                           ;
; TimeQuest Timing Analyzer ; 00:00:09     ; 1.0                     ; 289 MB              ; 00:00:07                           ;
; Total                     ; 00:01:27     ; --                      ; --                  ; 00:01:28                           ;
+---------------------------+--------------+-------------------------+---------------------+------------------------------------+


+-----------------------------------------------------------------------------------------+
; Flow OS Summary                                                                         ;
+---------------------------+------------------+------------+------------+----------------+
; Module Name               ; Machine Hostname ; OS Name    ; OS Version ; Processor type ;
+---------------------------+------------------+------------+------------+----------------+
; Analysis & Synthesis      ; ece-cb63911      ; Windows XP ; 5.1        ; i686           ;
; Fitter                    ; ece-cb63911      ; Windows XP ; 5.1        ; i686           ;
; Assembler                 ; ece-cb63911      ; Windows XP ; 5.1        ; i686           ;
; TimeQuest Timing Analyzer ; ece-cb63911      ; Windows XP ; 5.1        ; i686           ;
+---------------------------+------------------+------------+------------+----------------+


------------
; Flow Log ;
------------
quartus_map --read_settings_files=on --write_settings_files=off lab07 -c DE2_Board_top_level
quartus_fit --read_settings_files=off --write_settings_files=off lab07 -c DE2_Board_top_level
quartus_asm --read_settings_files=off --write_settings_files=off lab07 -c DE2_Board_top_level
quartus_sta lab07 -c DE2_Board_top_level



