
**** Build of configuration Nios II for project lcdwrite ****

make all 
Info: Building ../lcdwrite_bsp/
make --no-print-directory -C ../lcdwrite_bsp/
[BSP build complete]
Info: Compiling lcdwrite.c to obj/lcdwrite.o
nios2-elf-gcc -xc -MP -MMD -c -I../lcdwrite_bsp//HAL/inc -I../lcdwrite_bsp/ -I../lcdwrite_bsp//drivers/inc  -DSYSTEM_BUS_WIDTH=32 -pipe -D__hal__ -DALT_NO_INSTRUCTION_EMULATION -DALT_SINGLE_THREADED    -O0 -g -Wall   -EL -mno-hw-div -mhw-mul -mno-hw-mulx  -o obj/lcdwrite.o lcdwrite.c
In file included from lcdwrite.c:10:
C:\NRCREE475\lab04\DE2_System\nios_qsys\software\lcdwrite\lcdwrite.h: In function 'WriteLCD':
C:\NRCREE475\lab04\DE2_System\nios_qsys\software\lcdwrite\lcdwrite.h:33: warning: format '%s' expects type 'char *', but argument 3 has type 'int'
C:\NRCREE475\lab04\DE2_System\nios_qsys\software\lcdwrite\lcdwrite.h:33: warning: format '%s' expects type 'char *', but argument 3 has type 'int'
C:\NRCREE475\lab04\DE2_System\nios_qsys\software\lcdwrite\lcdwrite.h:36: warning: format '%s' expects type 'char *', but argument 2 has type 'int'
C:\NRCREE475\lab04\DE2_System\nios_qsys\software\lcdwrite\lcdwrite.h:36: warning: format '%s' expects type 'char *', but argument 2 has type 'int'
C:\NRCREE475\lab04\DE2_System\nios_qsys\software\lcdwrite\lcdwrite.h:26: warning: unused variable 'entry'
C:\NRCREE475\lab04\DE2_System\nios_qsys\software\lcdwrite\lcdwrite.h:25: warning: unused variable 'ch'
lcdwrite.c: In function 'main':
lcdwrite.c:26: warning: passing argument 1 of 'WriteLCD' makes integer from pointer without a cast
Info: Linking lcdwrite.elf
lcdwrite.c:49: warning: passing argument 1 of 'WriteLCD' makes integer from pointer without a cast
nios2-elf-g++  -T'../lcdwrite_bsp//linker.x' -msys-crt0='../lcdwrite_bsp//obj/HAL/src/crt0.o' -msys-lib=hal_bsp -L../lcdwrite_bsp/   -Wl,-Map=lcdwrite.map   -O0 -g -Wall   -EL -mno-hw-div -mhw-mul -mno-hw-mulx  -o lcdwrite.elf obj/lcdwrite.o -lm 
lcdwrite.c:50: warning: passing argument 1 of 'WriteLCD' makes integer from pointer without a cast
nios2-elf-insert lcdwrite.elf --thread_model hal --cpu_name cpu_nios --qsys true --simulation_enabled false --stderr_dev jtag_uart_0 --stdin_dev jtag_uart_0 --stdout_dev jtag_uart_0 --sopc_system_name nios_qsys --quartus_project_dir "C:/NRCRee475/lab04/DE2_System/nios_qsys"
Info: (lcdwrite.elf) 65 KBytes program size (code + initialized data).
Info:                8119 KBytes free for stack + heap.
Info: Creating lcdwrite.objdump
nios2-elf-objdump --disassemble --syms --all-header --source lcdwrite.elf >lcdwrite.objdump
[lcdwrite build complete]
