Flow report for lab01
Tue Aug 30 15:11:51 2011
Quartus II Version 11.0 Build 157 04/27/2011 SJ Full Version


---------------------
; Table of Contents ;
---------------------
  1. Legal Notice
  2. Flow Summary
  3. Flow Settings
  4. Flow Non-Default Global Settings
  5. Flow Elapsed Time
  6. Flow OS Summary
  7. Flow Log



----------------
; Legal Notice ;
----------------
Copyright (C) 1991-2011 Altera Corporation
Your use of Altera Corporation's design tools, logic functions 
and other software and tools, and its AMPP partner logic 
functions, and any output files from any of the foregoing 
(including device programming or simulation files), and any 
associated documentation or information are expressly subject 
to the terms and conditions of the Altera Program License 
Subscription Agreement, Altera MegaCore Function License 
Agreement, or other applicable license agreement, including, 
without limitation, that your use is for the sole purpose of 
programming logic devices manufactured by Altera and sold by 
Altera or its authorized distributors.  Please refer to the 
applicable agreement for further details.



+--------------------------------------------------------------------------------+
; Flow Summary                                                                   ;
+------------------------------------+-------------------------------------------+
; Flow Status                        ; Successful - Tue Aug 30 15:11:51 2011     ;
; Quartus II Version                 ; 11.0 Build 157 04/27/2011 SJ Full Version ;
; Revision Name                      ; lab01                                     ;
; Top-level Entity Name              ; addersubtractor                           ;
; Family                             ; Cyclone II                                ;
; Device                             ; EP2C35F672C6                              ;
; Timing Models                      ; Final                                     ;
; Total logic elements               ; 52 / 33,216 ( < 1 % )                     ;
;     Total combinational functions  ; 51 / 33,216 ( < 1 % )                     ;
;     Dedicated logic registers      ; 51 / 33,216 ( < 1 % )                     ;
; Total registers                    ; 51                                        ;
; Total pins                         ; 53 / 475 ( 11 % )                         ;
; Total virtual pins                 ; 0                                         ;
; Total memory bits                  ; 0 / 483,840 ( 0 % )                       ;
; Embedded Multiplier 9-bit elements ; 0 / 70 ( 0 % )                            ;
; Total PLLs                         ; 0 / 4 ( 0 % )                             ;
+------------------------------------+-------------------------------------------+


+-----------------------------------------+
; Flow Settings                           ;
+-------------------+---------------------+
; Option            ; Setting             ;
+-------------------+---------------------+
; Start date & time ; 08/30/2011 15:11:39 ;
; Main task         ; Compilation         ;
; Revision Name     ; lab01               ;
+-------------------+---------------------+


+----------------------------------------------------------------------------------------------------------------------------+
; Flow Non-Default Global Settings                                                                                           ;
+-------------------------------------+---------------------------------------+---------------+-----------------+------------+
; Assignment Name                     ; Value                                 ; Default Value ; Entity Name     ; Section Id ;
+-------------------------------------+---------------------------------------+---------------+-----------------+------------+
; COMPILER_SIGNATURE_ID               ; 203050747304483.131473869904864       ; --            ; --              ; --         ;
; FITTER_EFFORT                       ; Fast Fit                              ; Auto Fit      ; --              ; --         ;
; MAX_CORE_JUNCTION_TEMP              ; 85                                    ; --            ; --              ; --         ;
; MIN_CORE_JUNCTION_TEMP              ; 0                                     ; --            ; --              ; --         ;
; PARTITION_COLOR                     ; 16764057                              ; --            ; Addersubtractor ; Top        ;
; PARTITION_FITTER_PRESERVATION_LEVEL ; PLACEMENT_AND_ROUTING                 ; --            ; Addersubtractor ; Top        ;
; PARTITION_NETLIST_TYPE              ; SOURCE                                ; --            ; Addersubtractor ; Top        ;
; POWER_BOARD_THERMAL_MODEL           ; None (CONSERVATIVE)                   ; --            ; --              ; --         ;
; POWER_PRESET_COOLING_SOLUTION       ; 23 MM HEAT SINK WITH 200 LFPM AIRFLOW ; --            ; --              ; --         ;
; TOP_LEVEL_ENTITY                    ; Addersubtractor                       ; lab01         ; --              ; --         ;
+-------------------------------------+---------------------------------------+---------------+-----------------+------------+


+-------------------------------------------------------------------------------------------------------------------------------+
; Flow Elapsed Time                                                                                                             ;
+---------------------------+--------------+-------------------------+---------------------+------------------------------------+
; Module Name               ; Elapsed Time ; Average Processors Used ; Peak Virtual Memory ; Total CPU Time (on all processors) ;
+---------------------------+--------------+-------------------------+---------------------+------------------------------------+
; Analysis & Synthesis      ; 00:00:02     ; 1.0                     ; 249 MB              ; 00:00:01                           ;
; Fitter                    ; 00:00:06     ; 3.2                     ; 359 MB              ; 00:00:06                           ;
; TimeQuest Timing Analyzer ; 00:00:02     ; 1.0                     ; 249 MB              ; 00:00:01                           ;
; Assembler                 ; 00:00:03     ; 1.0                     ; 270 MB              ; 00:00:02                           ;
; Total                     ; 00:00:13     ; --                      ; --                  ; 00:00:10                           ;
+---------------------------+--------------+-------------------------+---------------------+------------------------------------+


+-----------------------------------------------------------------------------------------+
; Flow OS Summary                                                                         ;
+---------------------------+------------------+------------+------------+----------------+
; Module Name               ; Machine Hostname ; OS Name    ; OS Version ; Processor type ;
+---------------------------+------------------+------------+------------+----------------+
; Analysis & Synthesis      ; ece-cb63908      ; Windows XP ; 5.1        ; i686           ;
; Fitter                    ; ece-cb63908      ; Windows XP ; 5.1        ; i686           ;
; TimeQuest Timing Analyzer ; ece-cb63908      ; Windows XP ; 5.1        ; i686           ;
; Assembler                 ; ece-cb63908      ; Windows XP ; 5.1        ; i686           ;
+---------------------------+------------------+------------+------------+----------------+


------------
; Flow Log ;
------------
quartus_map --read_settings_files=on --write_settings_files=off lab01 -c lab01
quartus_fit --read_settings_files=off --write_settings_files=off lab01 -c lab01
quartus_sta lab01 -c lab01
quartus_asm --read_settings_files=off --write_settings_files=off lab01 -c lab01



